<?xml version="1.0" encoding="UTF-8"?>
<!-- Generated by org.testng.reporters.JUnitXMLReporter -->
<testsuite ignored="0" hostname="LAPTOP-DBNJDIUQ" failures="0" tests="6" name="LoginTest" time="30.984" errors="0" timestamp="2022-06-03T16:28:02 IST">
  <testcase classname="test.LoginTest" name="getlaunch" time="11.965"/>
  <testcase classname="test.LoginTest" name="loginbymobile" time="2.148"/>
  <testcase classname="test.Profilesectiontest" name="editprofilesection" time="6.175"/>
  <testcase classname="test.Profilesectiontest" name="profilesectionelements" time="6.193"/>
  <testcase classname="test.HomePageTest" name="editprofilesection" time="2.154"/>
  <testcase classname="test.HomePageTest" name="profilesectionelements" time="2.308"/>
</testsuite> <!-- LoginTest -->
