<?xml version="1.0" encoding="UTF-8"?>
<!-- Generated by org.testng.reporters.JUnitXMLReporter -->
<testsuite ignored="0" hostname="LAPTOP-DBNJDIUQ" failures="0" tests="4" name="Test" time="53.667" errors="0" timestamp="2022-06-08T13:15:13 IST">
  <testcase classname="test.LoginTest" name="getlaunch" time="21.499"/>
  <testcase classname="test.LoginTest" name="loginbymobile" time="9.771"/>
  <testcase classname="test.HomePageTest" name="editprofilesection" time="12.345"/>
  <testcase classname="test.HomePageTest" name="profilesectionelements" time="10.019"/>
</testsuite> <!-- Test -->
