<?xml version="1.0" encoding="UTF-8"?>
<testng-results ignored="0" total="4" passed="4" failed="0" skipped="0">
  <reporter-output>
  </reporter-output>
  <suite started-at="2022-06-08T13:14:19 IST" name="Suite" finished-at="2022-06-08T13:15:13 IST" duration-ms="53667">
    <groups>
    </groups>
    <test started-at="2022-06-08T13:14:19 IST" name="Test" finished-at="2022-06-08T13:15:13 IST" duration-ms="53667">
      <class name="test.HomePageTest">
        <test-method signature="editprofilesection()[pri:0, instance:test.HomePageTest@5b03b9fe]" started-at="2022-06-08T13:14:51 IST" name="editprofilesection" finished-at="2022-06-08T13:15:03 IST" duration-ms="12345" status="PASS">
          <reporter-output>
          </reporter-output>
        </test-method> <!-- editprofilesection -->
        <test-method signature="profilesectionelements()[pri:1, instance:test.HomePageTest@5b03b9fe]" started-at="2022-06-08T13:15:03 IST" name="profilesectionelements" finished-at="2022-06-08T13:15:13 IST" duration-ms="10019" status="PASS">
          <reporter-output>
          </reporter-output>
        </test-method> <!-- profilesectionelements -->
      </class> <!-- test.HomePageTest -->
      <class name="test.LoginTest">
        <test-method signature="getlaunch()[pri:1, instance:test.LoginTest@618425b5]" started-at="2022-06-08T13:14:19 IST" name="getlaunch" finished-at="2022-06-08T13:14:41 IST" duration-ms="21499" status="PASS">
          <reporter-output>
          </reporter-output>
        </test-method> <!-- getlaunch -->
        <test-method signature="loginbymobile()[pri:2, instance:test.LoginTest@618425b5]" started-at="2022-06-08T13:14:41 IST" name="loginbymobile" finished-at="2022-06-08T13:14:51 IST" duration-ms="9771" status="PASS">
          <reporter-output>
          </reporter-output>
        </test-method> <!-- loginbymobile -->
      </class> <!-- test.LoginTest -->
    </test> <!-- Test -->
  </suite> <!-- Suite -->
</testng-results>
